c:\users\dendo\documents\cat\t_variables3\debug\t_variables3.pch
c:\users\dendo\documents\cat\t_variables3\debug\vc142.pdb
c:\users\dendo\documents\cat\t_variables3\debug\vc142.idb
c:\users\dendo\documents\cat\t_variables3\debug\pch.obj
c:\users\dendo\documents\cat\t_variables3\debug\utils.obj
c:\users\dendo\documents\cat\t_variables3\debug\structs.obj
c:\users\dendo\documents\cat\t_variables3\debug\main.obj
c:\users\dendo\documents\cat\t_variables3\debug\game.obj
c:\users\dendo\documents\cat\t_variables3\debug\core.obj
c:\users\dendo\documents\cat\t_variables3\debug\t_variables3.exe
c:\users\dendo\documents\cat\t_variables3\debug\t_variables3.ilk
c:\users\dendo\documents\cat\t_variables3\debug\t_variables3.pdb
c:\users\dendo\documents\cat\t_variables3\debug\libflac-8.dll
c:\users\dendo\documents\cat\t_variables3\debug\libfreetype-6.dll
c:\users\dendo\documents\cat\t_variables3\debug\libjpeg-9.dll
c:\users\dendo\documents\cat\t_variables3\debug\libmodplug-1.dll
c:\users\dendo\documents\cat\t_variables3\debug\libmpg123-0.dll
c:\users\dendo\documents\cat\t_variables3\debug\libogg-0.dll
c:\users\dendo\documents\cat\t_variables3\debug\libopus-0.dll
c:\users\dendo\documents\cat\t_variables3\debug\libopusfile-0.dll
c:\users\dendo\documents\cat\t_variables3\debug\libpng16-16.dll
c:\users\dendo\documents\cat\t_variables3\debug\libtiff-5.dll
c:\users\dendo\documents\cat\t_variables3\debug\libvorbis-0.dll
c:\users\dendo\documents\cat\t_variables3\debug\libvorbisfile-3.dll
c:\users\dendo\documents\cat\t_variables3\debug\libwebp-7.dll
c:\users\dendo\documents\cat\t_variables3\debug\sdl2.dll
c:\users\dendo\documents\cat\t_variables3\debug\sdl2_image.dll
c:\users\dendo\documents\cat\t_variables3\debug\sdl2_mixer.dll
c:\users\dendo\documents\cat\t_variables3\debug\sdl2_ttf.dll
c:\users\dendo\documents\cat\t_variables3\debug\zlib1.dll
c:\users\dendo\documents\cat\t_variables3\debug\t_variables3.tlog\cl.command.1.tlog
c:\users\dendo\documents\cat\t_variables3\debug\t_variables3.tlog\cl.read.1.tlog
c:\users\dendo\documents\cat\t_variables3\debug\t_variables3.tlog\cl.write.1.tlog
c:\users\dendo\documents\cat\t_variables3\debug\t_variables3.tlog\link.command.1.tlog
c:\users\dendo\documents\cat\t_variables3\debug\t_variables3.tlog\link.read.1.tlog
c:\users\dendo\documents\cat\t_variables3\debug\t_variables3.tlog\link.write.1.tlog
