c:\users\dendo\documents\cat\theory\t_conditionals\debug\t_conditionals.pch
c:\users\dendo\documents\cat\theory\t_conditionals\debug\vc142.pdb
c:\users\dendo\documents\cat\theory\t_conditionals\debug\vc142.idb
c:\users\dendo\documents\cat\theory\t_conditionals\debug\pch.obj
c:\users\dendo\documents\cat\theory\t_conditionals\debug\utils.obj
c:\users\dendo\documents\cat\theory\t_conditionals\debug\structs.obj
c:\users\dendo\documents\cat\theory\t_conditionals\debug\main.obj
c:\users\dendo\documents\cat\theory\t_conditionals\debug\game.obj
c:\users\dendo\documents\cat\theory\t_conditionals\debug\core.obj
c:\users\dendo\documents\cat\theory\t_conditionals\debug\t_conditionals.ilk
c:\users\dendo\documents\cat\theory\t_conditionals\debug\t_conditionals.exe
c:\users\dendo\documents\cat\theory\t_conditionals\debug\t_conditionals.pdb
c:\users\dendo\documents\cat\theory\t_conditionals\debug\libflac-8.dll
c:\users\dendo\documents\cat\theory\t_conditionals\debug\libfreetype-6.dll
c:\users\dendo\documents\cat\theory\t_conditionals\debug\libjpeg-9.dll
c:\users\dendo\documents\cat\theory\t_conditionals\debug\libmodplug-1.dll
c:\users\dendo\documents\cat\theory\t_conditionals\debug\libmpg123-0.dll
c:\users\dendo\documents\cat\theory\t_conditionals\debug\libogg-0.dll
c:\users\dendo\documents\cat\theory\t_conditionals\debug\libopus-0.dll
c:\users\dendo\documents\cat\theory\t_conditionals\debug\libopusfile-0.dll
c:\users\dendo\documents\cat\theory\t_conditionals\debug\libpng16-16.dll
c:\users\dendo\documents\cat\theory\t_conditionals\debug\libtiff-5.dll
c:\users\dendo\documents\cat\theory\t_conditionals\debug\libvorbis-0.dll
c:\users\dendo\documents\cat\theory\t_conditionals\debug\libvorbisfile-3.dll
c:\users\dendo\documents\cat\theory\t_conditionals\debug\libwebp-7.dll
c:\users\dendo\documents\cat\theory\t_conditionals\debug\sdl2.dll
c:\users\dendo\documents\cat\theory\t_conditionals\debug\sdl2_image.dll
c:\users\dendo\documents\cat\theory\t_conditionals\debug\sdl2_mixer.dll
c:\users\dendo\documents\cat\theory\t_conditionals\debug\sdl2_ttf.dll
c:\users\dendo\documents\cat\theory\t_conditionals\debug\zlib1.dll
c:\users\dendo\documents\cat\theory\t_conditionals\debug\t_conditionals.tlog\cl.command.1.tlog
c:\users\dendo\documents\cat\theory\t_conditionals\debug\t_conditionals.tlog\cl.read.1.tlog
c:\users\dendo\documents\cat\theory\t_conditionals\debug\t_conditionals.tlog\cl.write.1.tlog
c:\users\dendo\documents\cat\theory\t_conditionals\debug\t_conditionals.tlog\link.command.1.tlog
c:\users\dendo\documents\cat\theory\t_conditionals\debug\t_conditionals.tlog\link.read.1.tlog
c:\users\dendo\documents\cat\theory\t_conditionals\debug\t_conditionals.tlog\link.write.1.tlog
